<?xml version="1.0" encoding="UTF-8"?>
<testng-results ignored="0" total="2" passed="2" failed="0" skipped="0">
  <reporter-output>
  </reporter-output>
  <suite started-at="2018-04-22T00:54:01Z" name="Flujo Completo" finished-at="2018-04-22T00:54:18Z" duration-ms="16864">
    <groups>
    </groups>
    <test started-at="2018-04-22T00:54:01Z" name="Criterio De Aceptacion 1" finished-at="2018-04-22T00:54:18Z" duration-ms="16864">
      <class name="co.facebook.test.CP_2_Perfil">
        <test-method signature="perfilTest()[pri:0, instance:co.facebook.test.CP_2_Perfil@2638011]" started-at="2018-04-21T19:54:12Z" name="perfilTest" finished-at="2018-04-21T19:54:18Z" duration-ms="6251" status="PASS">
          <reporter-output>
          </reporter-output>
        </test-method> <!-- perfilTest -->
      </class> <!-- co.facebook.test.CP_2_Perfil -->
      <class name="co.facebook.test.CP_1_Login">
        <test-method signature="searchFlightTest()[pri:0, instance:co.facebook.test.CP_1_Login@6e509ffa]" started-at="2018-04-21T19:54:01Z" name="searchFlightTest" finished-at="2018-04-21T19:54:12Z" duration-ms="10594" status="PASS">
          <reporter-output>
          </reporter-output>
        </test-method> <!-- searchFlightTest -->
      </class> <!-- co.facebook.test.CP_1_Login -->
    </test> <!-- Criterio De Aceptacion 1 -->
  </suite> <!-- Flujo Completo -->
</testng-results>
